<?xml version="1.0" encoding="UTF-8"?>
<testsuite name="StringUtilsTest" tests="1" skipped="0" failures="0" errors="0" timestamp="2023-03-15T07:41:25" hostname="DESKTOP-42D3KUQ" time="0.023">
  <properties/>
  <testcase name="testIsPositiveNumber()" classname="StringUtilsTest" time="0.023"/>
  <system-out><![CDATA[]]></system-out>
  <system-err><![CDATA[]]></system-err>
</testsuite>
