<?xml version="1.0" encoding="UTF-8"?>
<testsuite name="StringUtilsTest" tests="1" skipped="0" failures="0" errors="0" timestamp="2023-03-30T05:57:49" hostname="DESKTOP-42D3KUQ" time="0.034">
  <properties/>
  <testcase name="testIsPositiveNumber()" classname="StringUtilsTest" time="0.034"/>
  <system-out><![CDATA[]]></system-out>
  <system-err><![CDATA[]]></system-err>
</testsuite>
