<?xml version="1.0" encoding="UTF-8"?>
<testsuite name="StringUtilsTest" tests="1" skipped="0" failures="0" errors="0" timestamp="2023-03-30T04:31:46" hostname="DESKTOP-42D3KUQ" time="0.021">
  <properties/>
  <testcase name="testIsPositiveNumber()" classname="StringUtilsTest" time="0.021"/>
  <system-out><![CDATA[]]></system-out>
  <system-err><![CDATA[]]></system-err>
</testsuite>
